19/08/2025: 22:31:35, (testenome, Login bem-sucediso!, e N/A)
19/08/2025: 22:39:33, (testenome, Login bem-sucediso!, e N/A)
19/08/2025: 22:40:21, (testenome, Login bem-sucediso!, e N/A)
19/08/2025: 22:42:28, (teste, Login bem-sucediso!, e N/A)
19/08/2025: 22:51:48, (teste, Autenticar, e Login bem-sucediso!)
19/08/2025: 23:04:14, (teste, Autenticar, e Login bem-sucediso!)
Ocorreu a falha Login! ao realizar a Usuário ou Senha Inválidos do contato Falha ao logar, (19/08/2025, 23:16:59, testenome)
Ocorreu a falha de autenticacao, ao realizar a autenticacao do contato teste, (19/08/2025, 23:20:14, testenome)
Ocorreu a falha : Erro, ao realizar a autenticacao do contato teste, (19/08/2025, 23:29:44, teste)
Ocorreu a falha  ao realizar a autenticacao do contato teste, (19/08/2025, 23:31:01, teste)
Falha na operação: ''. Motivo: autenticacao, (teste, 19/08/2025, 23:38:09)
Falha na operação: 'Autenticar'. Motivo: teste, (teste, 19/08/2025, 23:41:31)
Falha na operação: 'Autenticar'. Motivo: teste, (Usuário ou Senha Inválidos, 19/08/2025, 23:44:28)
Falha na operação: 'Autenticar'. Motivo: teste, (Usuário ou Senha Inválidos, 19/08/2025, 23:46:12)
Falha na operação: 'Autenticar'. Motivo: Usuário ou Senha Inválidos, (algo, 19/08/2025, 23:47:18)
Falha na operação: 'Autenticar'. Motivo: Usuário ou Senha Inválidos, (teste, 19/08/2025, 23:48:03)
Falha na operação: 'Autenticar'. Motivo: Usuário ou Senha Inválidos, (teste, 19/08/2025, 23:52:21)
Falha na operação: 'Autenticar'. Motivo: Usuário ou Senha Inválidos, (teste, 19/08/2025, 23:53:12)
19/08/2025: 23:53:59, (teste, Autenticar, e Login bem-sucediso!)
Falha na operação: 'Autenticar', Motivo: Usuário ou Senha Inválidos, teste(20/08/2025, 00:01:45, Registro)
Falha na operação: 'Autenticar', Motivo: Usuário ou Senha Inválidos, Registro(20/08/2025, 00:02:42, teste)
Falha na operação: 'Autenticar', Motivo: Usuário ou Senha Inválidos, Registro(20/08/2025, 00:03:00, Usuario: testeee (não encontrado))
Falha na operação: 'Cadastrar', Motivo: Campos inválidos, Registro(20/08/2025, 00:07:43, testeee)
20/08/2025: 00:08:02, (testeee, Autenticar, e Login bem-sucedido!)
20/08/2025: 00:08:55, (testeeee, Cadastrar, e Cadastro bem-sucedido!)
